#separator \x09
#set_separator	,
#empty_field	(empty)
#unset_field	-
#fields	query	count
#types	string	count
_sleep-proxy._udp.local	79
andreya1.local	36
andreya1	36
_microsoft_mcc._tcp.local	32
discord.com	24
play.google.com	24
edge.microsoft.com	18
safebrowsing.googleapis.com	15
www.google.com	15
ssl.gstatic.com	15
www.bing.com	13
mobile.events.data.microsoft.com	13
_raop._tcp.local	13
github.com	13
github.githubassets.com	12
dc1-file.ksn.kaspersky-labs.com	11
substrate.office.com	11
dc1.ksn.kaspersky-labs.com	10
api.github.com	9
collector.github.com	9
www.youtube.com	9
r.bing.com	8
th.bing.com	8
api.tabnine.com	8
windows.msn.com	7
r.mradx.net	6
arc.msn.com	6
top-fwz1.mail.ru	6
github-cloud.s3.amazonaws.com	6
_googlecast._tcp.local	6
sun1-20.userapi.com	6
ad.mail.ru	6
rs.mail.ru	6
clients4.google.com	6
sun1-91.userapi.com	6
23112.ms.vk.com	6
rr3---sn-jvhnu5g-c35d.googlevideo.com	6
stats.vk-portal.net	6
yt3.ggpht.com	6
i.ytimg.com	6
sun1-18.userapi.com	6
avatars.githubusercontent.com	6
update.googleapis.com	5
edgeservices.bing.com	5
assets.msn.com	5
go.microsoft.com	5
login.live.com	5
www.microsoft.com	5
ctldl.windowsupdate.com	5
login.microsoftonline.com	5
v10.events.data.microsoft.com	4
_airplay._tcp.local	4
usernamehw.gallerycdn.vsassets.io	4
dc1-st.ksn.kaspersky-labs.com	4
notify.tabnine.com	4
officeclient.microsoft.com	4
davidanson.gallerycdn.vsassets.io	4
_233637de._sub._googlecast._tcp.local	4
data-edge.smartscreen.microsoft.com	3
sun1-88.userapi.com	3
sun9-50.userapi.com	3
sun9-36.userapi.com	3
sun1-19.userapi.com	3
sun7-15.userapi.com	3
alive.github.com	3
www.tns-counter.ru	3
mc.yandex.ru	3
api.vk.com	3
sun1-28.userapi.com	3
wcpstatic.microsoft.com	3
vd259.mycdn.me	3
pu.vk.com	3
im.vk.com	3
sun1-26.userapi.com	3
clientservices.googleapis.com	3
www.gstatic.com	3
25112.ms.vk.com	3
sun2.beltelecom-by-minsk.userapi.com	3
safebrowsing.google.com	3
array813.prod.do.dsp.mp.microsoft.com	3
sun1.43222.userapi.com	3
sun2.dataix-kz-akkol.userapi.com	3
sun2-19.userapi.com	3
push.cookieapp.ru	3
c.clarity.ms	3
sun9-55.userapi.com	3
sun9-73.userapi.com	3
sun3-23.userapi.com	3
queuev4.vk.com	3
googleads.g.doubleclick.net	3
sun4-10.userapi.com	3
zerossl.ocsp.sectigo.com	3
sun1.beltelecom-by-minsk.userapi.com	3
edgeassetservice.azureedge.net	3
24112.ms.vk.com	3
sun1-15.userapi.com	3
sun1-93.userapi.com	3
api.amplitude.com	3
edge-conumer-static.azureedge.net	3
edgestatic-ehf9gbe6gfdfdec4.z01.azurefd.net	3
sun1-56.userapi.com	3
cookieapp.ru	3
translate.google.com	3
analytics.cookieapp.ru	3
send.cookieapp.ru	3
www.msn.com	3
user-images.githubusercontent.com	3
videolink.mycdn.me	3
c.bing.com	3
rr4---sn-jvhnu5g-c35d.googlevideo.com	3
trk.mail.ru	3
sun1-55.userapi.com	3
sun1.beeline-yaroslavl.userapi.com	3
vk.com	3
sun7-8.userapi.com	3
vk.ru	3
config.edge.skype.com	3
www.clarity.ms	3
sun1-57.userapi.com	3
login.vk.com	3
sun1-97.userapi.com	3
r3.mail.ru	3
www.bingapis.com	3
sun1-87.userapi.com	3
st1-93.vk.com	3
content-autofill.googleapis.com	3
sun1-25.userapi.com	3
sun1.megafon-nn.userapi.com	3
www.googleapis.com	3
4.bing.com	3
translate.googleapis.com	3
sun1-29.userapi.com	3
addons-pa.clients6.google.com	3
sun5-8.userapi.com	3
array806.prod.do.dsp.mp.microsoft.com	3
sun1-84.userapi.com	3
sun1-24.userapi.com	3
c.s-microsoft.com	3
default.exp-tas.com	3
phantom.cookieapp.ru	3
storage.live.com	3
sun1-22.userapi.com	3
nav-edge.smartscreen.microsoft.com	3
sun2-18.userapi.com	3
sun1-83.userapi.com	3
accountcapabilities-pa.googleapis.com	3
sun1.beeline-kz.userapi.com	3
sun1-14.userapi.com	3
sun1-21.userapi.com	3
fonts.gstatic.com	3
sun2-17.userapi.com	3
nexusrules.officeapps.live.com	2
ds.kaspersky.com	2
fd.api.iris.microsoft.com	2
bottle.cookieapp.ru	2
ms-python.gallerycdn.vsassets.io	2
x1.c.lencr.org	2
ms-ceintl.gallerycdn.vsassets.io	2
eamodio.gallerycdn.vsassets.io	2
r3.o.lencr.org	2
config.teams.microsoft.com	2
array801.prod.do.dsp.mp.microsoft.com	2
array810.prod.do.dsp.mp.microsoft.com	2
fp.msedge.net	2
gfe.nvidia.com	2
ocsp.entrust.net	2
az764295.vo.msecnd.net	2
ocsp.comodoca.com	2
teams.events.data.microsoft.com	2
v20.events.data.microsoft.com	2
ms-toolsai.gallerycdn.vsassets.io	2
refresh-bkg.activation-v2.kaspersky.com	2
tabnine.gallerycdn.vsassets.io	2
array805.prod.do.dsp.mp.microsoft.com	2
settings-win.data.microsoft.com	2
gfwsl.geforce.com	2
x2.c.lencr.org	2
update.code.visualstudio.com	2
events.gfe.nvidia.com	2
ocsp2.globalsign.com	2
client.wns.windows.com	2
cloud.tabnine.com	2
ocsp.globalsign.com	2
marketplace.visualstudio.com	2
github.gallerycdn.vsassets.io	2
ocsp.usertrust.com	2
_4444._https.bottle.cookieapp.ru	1
